This file contains any messages produced by compilers while
running configure, to aid debugging if configure makes a mistake.

It was created by ilixi configure 1.0.0, which was
generated by GNU Autoconf 2.69.  Invocation command line was

  $ ./configure --prefix=/friendlyarm/usr/local --build=x86_64 --host=arm-none-linux-gnueabi --with-examples --enable-nls=yes --enable-fusiondale=yes --enable-fusionsound=yes --enable-sawman=yes

## --------- ##
## Platform. ##
## --------- ##

hostname = localhost.localdomain
uname -m = x86_64
uname -r = 3.18.6-100.fc20.x86_64
uname -s = Linux
uname -v = #1 SMP Fri Feb 6 22:55:01 UTC 2015

/usr/bin/uname -p = x86_64
/bin/uname -X     = unknown

/bin/arch              = x86_64
/usr/bin/arch -k       = unknown
/usr/convex/getsysinfo = unknown
/usr/bin/hostinfo      = unknown
/bin/machine           = unknown
/usr/bin/oslevel       = unknown
/bin/universe          = unknown

PATH: /usr/lib64/qt-3.3/bin
PATH: /usr/local/bin
PATH: /usr/bin
PATH: /bin
PATH: /usr/local/sbin
PATH: /usr/sbin
PATH: /home/ninhld/.local/bin
PATH: /home/ninhld/bin
PATH: /opt/FriendlyARM/toolschain/4.4.3/bin


## ----------- ##
## Core tests. ##
## ----------- ##

configure:2690: checking for a BSD-compatible install
configure:2758: result: /usr/bin/install -c
configure:2769: checking whether build environment is sane
configure:2819: result: yes
configure:2868: checking for arm-none-linux-gnueabi-strip
configure:2895: result: /opt/FriendlyARM/toolschain/4.4.3/bin/arm-none-linux-gnueabi-strip
configure:2960: checking for a thread-safe mkdir -p
configure:2999: result: /usr/bin/mkdir -p
configure:3012: checking for gawk
configure:3028: found /usr/bin/gawk
configure:3039: result: gawk
configure:3050: checking whether make sets $(MAKE)
configure:3072: result: yes
configure:3155: checking whether make supports nested variables
configure:3172: result: yes
configure:3194: checking for arm-none-linux-gnueabi-pkg-config
configure:3227: result: no
configure:3237: checking for pkg-config
configure:3255: found /usr/bin/pkg-config
configure:3267: result: /usr/bin/pkg-config
configure:3279: WARNING: using cross tools not prefixed with host triplet
configure:3292: checking pkg-config is at least version 0.9.0
configure:3295: result: yes
configure:3465: checking build system type
configure:3479: result: x86_64-pc-none
configure:3499: checking host system type
configure:3512: result: arm-none-linux-gnueabi
configure:3553: checking how to print strings
configure:3580: result: printf
configure:3613: checking for style of include used by make
configure:3641: result: GNU
configure:3672: checking for arm-none-linux-gnueabi-gcc
configure:3699: result: /opt/FriendlyARM/toolschain/4.4.3/bin/arm-none-linux-gnueabi-gcc
configure:3968: checking for C compiler version
configure:3977: /opt/FriendlyARM/toolschain/4.4.3/bin/arm-none-linux-gnueabi-gcc --version >&5
.arm-none-linux-gnueabi-gcc (ctng-1.6.1) 4.4.3
Copyright (C) 2010 Free Software Foundation, Inc.
This is free software; see the source for copying conditions.  There is NO
warranty; not even for MERCHANTABILITY or FITNESS FOR A PARTICULAR PURPOSE.

configure:3988: $? = 0
configure:3977: /opt/FriendlyARM/toolschain/4.4.3/bin/arm-none-linux-gnueabi-gcc -v >&5
Using built-in specs.
Target: arm-none-linux-gnueabi
Configured with: /opt/FriendlyARM/mini2440/build-toolschain/working/src/gcc-4.4.3/configure --build=i386-build_redhat-linux-gnu --host=i386-build_redhat-linux-gnu --target=arm-none-linux-gnueabi --prefix=/opt/FriendlyARM/toolschain/4.4.3 --with-sysroot=/opt/FriendlyARM/toolschain/4.4.3/arm-none-linux-gnueabi//sys-root --enable-languages=c,c++ --disable-multilib --with-arch=armv4t --with-cpu=arm920t --with-tune=arm920t --with-float=soft --with-pkgversion=ctng-1.6.1 --disable-sjlj-exceptions --enable-__cxa_atexit --with-gmp=/opt/FriendlyARM/toolschain/4.4.3 --with-mpfr=/opt/FriendlyARM/toolschain/4.4.3 --with-ppl=/opt/FriendlyARM/toolschain/4.4.3 --with-cloog=/opt/FriendlyARM/toolschain/4.4.3 --with-mpc=/opt/FriendlyARM/toolschain/4.4.3 --with-local-prefix=/opt/FriendlyARM/toolschain/4.4.3/arm-none-linux-gnueabi//sys-root --disable-nls --enable-threads=posix --enable-symvers=gnu --enable-c99 --enable-long-long --enable-target-optspace
Thread model: posix
gcc version 4.4.3 (ctng-1.6.1) 
configure:3988: $? = 0
configure:3977: /opt/FriendlyARM/toolschain/4.4.3/bin/arm-none-linux-gnueabi-gcc -V >&5
.arm-none-linux-gnueabi-gcc: '-V' option must have argument
configure:3988: $? = 1
configure:3977: /opt/FriendlyARM/toolschain/4.4.3/bin/arm-none-linux-gnueabi-gcc -qversion >&5
.arm-none-linux-gnueabi-gcc: unrecognized option '-qversion'
.arm-none-linux-gnueabi-gcc: no input files
configure:3988: $? = 1
configure:4008: checking whether the C compiler works
configure:4030: /opt/FriendlyARM/toolschain/4.4.3/bin/arm-none-linux-gnueabi-gcc -I/friendlyarm/usr/include -I/friendlyarm/usr/local/include -g -I/friendlyarm/usr/include -I/friendlyarm/usr/local/include -g -L/friendlyarm/lib -L/friendlyarm/usr/lib -L/friendlyarm/usr/local/lib conftest.c  >&5
configure:4034: $? = 0
configure:4082: result: yes
configure:4085: checking for C compiler default output file name
configure:4087: result: a.out
configure:4093: checking for suffix of executables
configure:4100: /opt/FriendlyARM/toolschain/4.4.3/bin/arm-none-linux-gnueabi-gcc -o conftest -I/friendlyarm/usr/include -I/friendlyarm/usr/local/include -g -I/friendlyarm/usr/include -I/friendlyarm/usr/local/include -g -L/friendlyarm/lib -L/friendlyarm/usr/lib -L/friendlyarm/usr/local/lib conftest.c  >&5
configure:4104: $? = 0
configure:4126: result: 
configure:4148: checking whether we are cross compiling
configure:4186: result: yes
configure:4191: checking for suffix of object files
configure:4213: /opt/FriendlyARM/toolschain/4.4.3/bin/arm-none-linux-gnueabi-gcc -c -I/friendlyarm/usr/include -I/friendlyarm/usr/local/include -g -I/friendlyarm/usr/include -I/friendlyarm/usr/local/include -g conftest.c >&5
configure:4217: $? = 0
configure:4238: result: o
configure:4242: checking whether we are using the GNU C compiler
configure:4261: /opt/FriendlyARM/toolschain/4.4.3/bin/arm-none-linux-gnueabi-gcc -c -I/friendlyarm/usr/include -I/friendlyarm/usr/local/include -g -I/friendlyarm/usr/include -I/friendlyarm/usr/local/include -g conftest.c >&5
configure:4261: $? = 0
configure:4270: result: yes
configure:4279: checking whether /opt/FriendlyARM/toolschain/4.4.3/bin/arm-none-linux-gnueabi-gcc accepts -g
configure:4299: /opt/FriendlyARM/toolschain/4.4.3/bin/arm-none-linux-gnueabi-gcc -c -g -I/friendlyarm/usr/include -I/friendlyarm/usr/local/include -g conftest.c >&5
configure:4299: $? = 0
configure:4340: result: yes
configure:4357: checking for /opt/FriendlyARM/toolschain/4.4.3/bin/arm-none-linux-gnueabi-gcc option to accept ISO C89
configure:4420: /opt/FriendlyARM/toolschain/4.4.3/bin/arm-none-linux-gnueabi-gcc  -c -I/friendlyarm/usr/include -I/friendlyarm/usr/local/include -g -I/friendlyarm/usr/include -I/friendlyarm/usr/local/include -g conftest.c >&5
configure:4420: $? = 0
configure:4433: result: none needed
configure:4455: checking dependency style of /opt/FriendlyARM/toolschain/4.4.3/bin/arm-none-linux-gnueabi-gcc
configure:4566: result: gcc3
configure:4581: checking for a sed that does not truncate output
configure:4645: result: /usr/bin/sed
configure:4663: checking for grep that handles long lines and -e
configure:4721: result: /usr/bin/grep
configure:4726: checking for egrep
configure:4788: result: /usr/bin/grep -E
configure:4793: checking for fgrep
configure:4855: result: /usr/bin/grep -F
configure:4890: checking for ld used by /opt/FriendlyARM/toolschain/4.4.3/bin/arm-none-linux-gnueabi-gcc
configure:4957: result: /opt/FriendlyARM/toolschain/4.4.3/bin/arm-none-linux-gnueabi-ld
configure:4964: checking if the linker (/opt/FriendlyARM/toolschain/4.4.3/bin/arm-none-linux-gnueabi-ld) is GNU ld
configure:4979: result: yes
configure:4991: checking for BSD- or MS-compatible name lister (nm)
configure:5040: result: /opt/FriendlyARM/toolschain/4.4.3/bin/arm-none-linux-gnueabi-nm -B
configure:5170: checking the name lister (/opt/FriendlyARM/toolschain/4.4.3/bin/arm-none-linux-gnueabi-nm -B) interface
configure:5177: /opt/FriendlyARM/toolschain/4.4.3/bin/arm-none-linux-gnueabi-gcc -c -I/friendlyarm/usr/include -I/friendlyarm/usr/local/include -g -I/friendlyarm/usr/include -I/friendlyarm/usr/local/include -g conftest.c >&5
configure:5180: /opt/FriendlyARM/toolschain/4.4.3/bin/arm-none-linux-gnueabi-nm -B "conftest.o"
configure:5183: output
00000000 B some_variable
configure:5190: result: BSD nm
configure:5193: checking whether ln -s works
configure:5197: result: yes
configure:5205: checking the maximum length of command line arguments
configure:5336: result: 1572864
configure:5353: checking whether the shell understands some XSI constructs
configure:5363: result: yes
configure:5367: checking whether the shell understands "+="
configure:5373: result: yes
configure:5408: checking how to convert x86_64-pc-none file names to arm-none-linux-gnueabi format
configure:5448: result: func_convert_file_noop
configure:5455: checking how to convert x86_64-pc-none file names to toolchain format
configure:5475: result: func_convert_file_noop
configure:5482: checking for /opt/FriendlyARM/toolschain/4.4.3/bin/arm-none-linux-gnueabi-ld option to reload object files
configure:5489: result: -r
configure:5523: checking for arm-none-linux-gnueabi-objdump
configure:5539: found /opt/FriendlyARM/toolschain/4.4.3/bin/arm-none-linux-gnueabi-objdump
configure:5550: result: arm-none-linux-gnueabi-objdump
configure:5622: checking how to recognize dependent libraries
configure:5820: result: pass_all
configure:5865: checking for arm-none-linux-gnueabi-dlltool
configure:5895: result: no
configure:5905: checking for dlltool
configure:5935: result: no
configure:5965: checking how to associate runtime and link libraries
configure:5992: result: printf %s\n
configure:6009: checking for arm-none-linux-gnueabi-ar
configure:6036: result: /opt/FriendlyARM/toolschain/4.4.3/bin/arm-none-linux-gnueabi-ar
configure:6117: checking for archiver @FILE support
configure:6134: /opt/FriendlyARM/toolschain/4.4.3/bin/arm-none-linux-gnueabi-gcc -c -I/friendlyarm/usr/include -I/friendlyarm/usr/local/include -g -I/friendlyarm/usr/include -I/friendlyarm/usr/local/include -g conftest.c >&5
configure:6134: $? = 0
configure:6137: /opt/FriendlyARM/toolschain/4.4.3/bin/arm-none-linux-gnueabi-ar cru libconftest.a @conftest.lst >&5
configure:6140: $? = 0
configure:6145: /opt/FriendlyARM/toolschain/4.4.3/bin/arm-none-linux-gnueabi-ar cru libconftest.a @conftest.lst >&5
/opt/FriendlyARM/toolschain/4.4.3/bin/.arm-none-linux-gnueabi-ar: conftest.o: No such file or directory
configure:6148: $? = 1
configure:6160: result: @
configure:6178: checking for arm-none-linux-gnueabi-strip
configure:6205: result: /opt/FriendlyARM/toolschain/4.4.3/bin/arm-none-linux-gnueabi-strip
configure:6277: checking for arm-none-linux-gnueabi-ranlib
configure:6304: result: /opt/FriendlyARM/toolschain/4.4.3/bin/arm-none-linux-gnueabi-ranlib
configure:6446: checking command to parse /opt/FriendlyARM/toolschain/4.4.3/bin/arm-none-linux-gnueabi-nm -B output from /opt/FriendlyARM/toolschain/4.4.3/bin/arm-none-linux-gnueabi-gcc object
configure:6566: /opt/FriendlyARM/toolschain/4.4.3/bin/arm-none-linux-gnueabi-gcc -c -I/friendlyarm/usr/include -I/friendlyarm/usr/local/include -g -I/friendlyarm/usr/include -I/friendlyarm/usr/local/include -g conftest.c >&5
configure:6569: $? = 0
configure:6573: /opt/FriendlyARM/toolschain/4.4.3/bin/arm-none-linux-gnueabi-nm -B conftest.o \| sed -n -e 's/^.*[ ]\([ABCDGIRSTW][ABCDGIRSTW]*\)[ ][ ]*\([_A-Za-z][_A-Za-z0-9]*\)$/\1 \2 \2/p' | sed '/ __gnu_lto/d' \> conftest.nm
configure:6576: $? = 0
configure:6642: /opt/FriendlyARM/toolschain/4.4.3/bin/arm-none-linux-gnueabi-gcc -o conftest -I/friendlyarm/usr/include -I/friendlyarm/usr/local/include -g -I/friendlyarm/usr/include -I/friendlyarm/usr/local/include -g -L/friendlyarm/lib -L/friendlyarm/usr/lib -L/friendlyarm/usr/local/lib conftest.c conftstm.o >&5
configure:6645: $? = 0
configure:6683: result: ok
configure:6720: checking for sysroot
configure:6750: result: no
configure:6973: checking for arm-none-linux-gnueabi-mt
configure:7003: result: no
configure:7013: checking for mt
configure:7043: result: no
configure:7063: checking if : is a manifest tool
configure:7069: : '-?'
configure:7077: result: no
configure:7719: checking how to run the C preprocessor
configure:7789: result: /opt/FriendlyARM/toolschain/4.4.3/bin/arm-none-linux-gnueabi-cpp
configure:7809: /opt/FriendlyARM/toolschain/4.4.3/bin/arm-none-linux-gnueabi-cpp -I/friendlyarm/usr/include -I/friendlyarm/usr/local/include -g conftest.c
configure:7809: $? = 0
configure:7823: /opt/FriendlyARM/toolschain/4.4.3/bin/arm-none-linux-gnueabi-cpp -I/friendlyarm/usr/include -I/friendlyarm/usr/local/include -g conftest.c
conftest.c:9:28: error: ac_nonexistent.h: No such file or directory
configure:7823: $? = 1
configure: failed program was:
| /* confdefs.h */
| #define PACKAGE_NAME "ilixi"
| #define PACKAGE_TARNAME "ilixi"
| #define PACKAGE_VERSION "1.0.0"
| #define PACKAGE_STRING "ilixi 1.0.0"
| #define PACKAGE_BUGREPORT "tarik@ilixi.org"
| #define PACKAGE_URL "http://www.ilixi.org"
| /* end confdefs.h.  */
| #include <ac_nonexistent.h>
configure:7852: checking for ANSI C header files
configure:7872: /opt/FriendlyARM/toolschain/4.4.3/bin/arm-none-linux-gnueabi-gcc -c -I/friendlyarm/usr/include -I/friendlyarm/usr/local/include -g -I/friendlyarm/usr/include -I/friendlyarm/usr/local/include -g conftest.c >&5
configure:7872: $? = 0
configure:7956: result: yes
configure:7969: checking for sys/types.h
configure:7969: /opt/FriendlyARM/toolschain/4.4.3/bin/arm-none-linux-gnueabi-gcc -c -I/friendlyarm/usr/include -I/friendlyarm/usr/local/include -g -I/friendlyarm/usr/include -I/friendlyarm/usr/local/include -g conftest.c >&5
configure:7969: $? = 0
configure:7969: result: yes
configure:7969: checking for sys/stat.h
configure:7969: /opt/FriendlyARM/toolschain/4.4.3/bin/arm-none-linux-gnueabi-gcc -c -I/friendlyarm/usr/include -I/friendlyarm/usr/local/include -g -I/friendlyarm/usr/include -I/friendlyarm/usr/local/include -g conftest.c >&5
configure:7969: $? = 0
configure:7969: result: yes
configure:7969: checking for stdlib.h
configure:7969: /opt/FriendlyARM/toolschain/4.4.3/bin/arm-none-linux-gnueabi-gcc -c -I/friendlyarm/usr/include -I/friendlyarm/usr/local/include -g -I/friendlyarm/usr/include -I/friendlyarm/usr/local/include -g conftest.c >&5
configure:7969: $? = 0
configure:7969: result: yes
configure:7969: checking for string.h
configure:7969: /opt/FriendlyARM/toolschain/4.4.3/bin/arm-none-linux-gnueabi-gcc -c -I/friendlyarm/usr/include -I/friendlyarm/usr/local/include -g -I/friendlyarm/usr/include -I/friendlyarm/usr/local/include -g conftest.c >&5
configure:7969: $? = 0
configure:7969: result: yes
configure:7969: checking for memory.h
configure:7969: /opt/FriendlyARM/toolschain/4.4.3/bin/arm-none-linux-gnueabi-gcc -c -I/friendlyarm/usr/include -I/friendlyarm/usr/local/include -g -I/friendlyarm/usr/include -I/friendlyarm/usr/local/include -g conftest.c >&5
configure:7969: $? = 0
configure:7969: result: yes
configure:7969: checking for strings.h
configure:7969: /opt/FriendlyARM/toolschain/4.4.3/bin/arm-none-linux-gnueabi-gcc -c -I/friendlyarm/usr/include -I/friendlyarm/usr/local/include -g -I/friendlyarm/usr/include -I/friendlyarm/usr/local/include -g conftest.c >&5
configure:7969: $? = 0
configure:7969: result: yes
configure:7969: checking for inttypes.h
configure:7969: /opt/FriendlyARM/toolschain/4.4.3/bin/arm-none-linux-gnueabi-gcc -c -I/friendlyarm/usr/include -I/friendlyarm/usr/local/include -g -I/friendlyarm/usr/include -I/friendlyarm/usr/local/include -g conftest.c >&5
configure:7969: $? = 0
configure:7969: result: yes
configure:7969: checking for stdint.h
configure:7969: /opt/FriendlyARM/toolschain/4.4.3/bin/arm-none-linux-gnueabi-gcc -c -I/friendlyarm/usr/include -I/friendlyarm/usr/local/include -g -I/friendlyarm/usr/include -I/friendlyarm/usr/local/include -g conftest.c >&5
configure:7969: $? = 0
configure:7969: result: yes
configure:7969: checking for unistd.h
configure:7969: /opt/FriendlyARM/toolschain/4.4.3/bin/arm-none-linux-gnueabi-gcc -c -I/friendlyarm/usr/include -I/friendlyarm/usr/local/include -g -I/friendlyarm/usr/include -I/friendlyarm/usr/local/include -g conftest.c >&5
configure:7969: $? = 0
configure:7969: result: yes
configure:7983: checking for dlfcn.h
configure:7983: /opt/FriendlyARM/toolschain/4.4.3/bin/arm-none-linux-gnueabi-gcc -c -I/friendlyarm/usr/include -I/friendlyarm/usr/local/include -g -I/friendlyarm/usr/include -I/friendlyarm/usr/local/include -g conftest.c >&5
configure:7983: $? = 0
configure:7983: result: yes
configure:8189: checking for objdir
configure:8204: result: .libs
configure:8475: checking if /opt/FriendlyARM/toolschain/4.4.3/bin/arm-none-linux-gnueabi-gcc supports -fno-rtti -fno-exceptions
configure:8493: /opt/FriendlyARM/toolschain/4.4.3/bin/arm-none-linux-gnueabi-gcc -c -I/friendlyarm/usr/include -I/friendlyarm/usr/local/include -g -I/friendlyarm/usr/include -I/friendlyarm/usr/local/include -g -fno-rtti -fno-exceptions conftest.c >&5
cc1: warning: command line option "-fno-rtti" is valid for C++/ObjC++ but not for C
configure:8497: $? = 0
configure:8510: result: no
configure:8837: checking for /opt/FriendlyARM/toolschain/4.4.3/bin/arm-none-linux-gnueabi-gcc option to produce PIC
configure:8844: result: -fPIC -DPIC
configure:8852: checking if /opt/FriendlyARM/toolschain/4.4.3/bin/arm-none-linux-gnueabi-gcc PIC flag -fPIC -DPIC works
configure:8870: /opt/FriendlyARM/toolschain/4.4.3/bin/arm-none-linux-gnueabi-gcc -c -I/friendlyarm/usr/include -I/friendlyarm/usr/local/include -g -I/friendlyarm/usr/include -I/friendlyarm/usr/local/include -g -fPIC -DPIC -DPIC conftest.c >&5
configure:8874: $? = 0
configure:8887: result: yes
configure:8916: checking if /opt/FriendlyARM/toolschain/4.4.3/bin/arm-none-linux-gnueabi-gcc static flag -static works
configure:8944: result: yes
configure:8959: checking if /opt/FriendlyARM/toolschain/4.4.3/bin/arm-none-linux-gnueabi-gcc supports -c -o file.o
configure:8980: /opt/FriendlyARM/toolschain/4.4.3/bin/arm-none-linux-gnueabi-gcc -c -I/friendlyarm/usr/include -I/friendlyarm/usr/local/include -g -I/friendlyarm/usr/include -I/friendlyarm/usr/local/include -g -o out/conftest2.o conftest.c >&5
configure:8984: $? = 0
configure:9006: result: yes
configure:9014: checking if /opt/FriendlyARM/toolschain/4.4.3/bin/arm-none-linux-gnueabi-gcc supports -c -o file.o
configure:9061: result: yes
configure:9094: checking whether the /opt/FriendlyARM/toolschain/4.4.3/bin/arm-none-linux-gnueabi-gcc linker (/opt/FriendlyARM/toolschain/4.4.3/bin/arm-none-linux-gnueabi-ld) supports shared libraries
configure:10251: result: yes
configure:10288: checking whether -lc should be explicitly linked in
configure:10296: /opt/FriendlyARM/toolschain/4.4.3/bin/arm-none-linux-gnueabi-gcc -c -I/friendlyarm/usr/include -I/friendlyarm/usr/local/include -g -I/friendlyarm/usr/include -I/friendlyarm/usr/local/include -g conftest.c >&5
configure:10299: $? = 0
configure:10314: /opt/FriendlyARM/toolschain/4.4.3/bin/arm-none-linux-gnueabi-gcc -shared  -fPIC -DPIC conftest.o  -v -Wl,-soname -Wl,conftest -o conftest 2\>\&1 \| /usr/bin/grep  -lc  \>/dev/null 2\>\&1
configure:10317: $? = 0
configure:10331: result: no
configure:10491: checking dynamic linker characteristics
configure:10991: /opt/FriendlyARM/toolschain/4.4.3/bin/arm-none-linux-gnueabi-gcc -o conftest -I/friendlyarm/usr/include -I/friendlyarm/usr/local/include -g -I/friendlyarm/usr/include -I/friendlyarm/usr/local/include -g -L/friendlyarm/lib -L/friendlyarm/usr/lib -L/friendlyarm/usr/local/lib -Wl,-rpath -Wl,/foo conftest.c  >&5
configure:10991: $? = 0
configure:11225: result: GNU/Linux ld.so
configure:11332: checking how to hardcode library paths into programs
configure:11357: result: immediate
configure:11897: checking whether stripping libraries is possible
configure:11902: result: yes
configure:11937: checking if libtool supports shared libraries
configure:11939: result: yes
configure:11942: checking whether to build shared libraries
configure:11963: result: yes
configure:11966: checking whether to build static libraries
configure:11970: result: yes
configure:12015: checking for arm-none-linux-gnueabi-gcc
configure:12042: result: /opt/FriendlyARM/toolschain/4.4.3/bin/arm-none-linux-gnueabi-gcc
configure:12311: checking for C compiler version
configure:12320: /opt/FriendlyARM/toolschain/4.4.3/bin/arm-none-linux-gnueabi-gcc --version >&5
.arm-none-linux-gnueabi-gcc (ctng-1.6.1) 4.4.3
Copyright (C) 2010 Free Software Foundation, Inc.
This is free software; see the source for copying conditions.  There is NO
warranty; not even for MERCHANTABILITY or FITNESS FOR A PARTICULAR PURPOSE.

configure:12331: $? = 0
configure:12320: /opt/FriendlyARM/toolschain/4.4.3/bin/arm-none-linux-gnueabi-gcc -v >&5
Using built-in specs.
Target: arm-none-linux-gnueabi
Configured with: /opt/FriendlyARM/mini2440/build-toolschain/working/src/gcc-4.4.3/configure --build=i386-build_redhat-linux-gnu --host=i386-build_redhat-linux-gnu --target=arm-none-linux-gnueabi --prefix=/opt/FriendlyARM/toolschain/4.4.3 --with-sysroot=/opt/FriendlyARM/toolschain/4.4.3/arm-none-linux-gnueabi//sys-root --enable-languages=c,c++ --disable-multilib --with-arch=armv4t --with-cpu=arm920t --with-tune=arm920t --with-float=soft --with-pkgversion=ctng-1.6.1 --disable-sjlj-exceptions --enable-__cxa_atexit --with-gmp=/opt/FriendlyARM/toolschain/4.4.3 --with-mpfr=/opt/FriendlyARM/toolschain/4.4.3 --with-ppl=/opt/FriendlyARM/toolschain/4.4.3 --with-cloog=/opt/FriendlyARM/toolschain/4.4.3 --with-mpc=/opt/FriendlyARM/toolschain/4.4.3 --with-local-prefix=/opt/FriendlyARM/toolschain/4.4.3/arm-none-linux-gnueabi//sys-root --disable-nls --enable-threads=posix --enable-symvers=gnu --enable-c99 --enable-long-long --enable-target-optspace
Thread model: posix
gcc version 4.4.3 (ctng-1.6.1) 
configure:12331: $? = 0
configure:12320: /opt/FriendlyARM/toolschain/4.4.3/bin/arm-none-linux-gnueabi-gcc -V >&5
.arm-none-linux-gnueabi-gcc: '-V' option must have argument
configure:12331: $? = 1
configure:12320: /opt/FriendlyARM/toolschain/4.4.3/bin/arm-none-linux-gnueabi-gcc -qversion >&5
.arm-none-linux-gnueabi-gcc: unrecognized option '-qversion'
.arm-none-linux-gnueabi-gcc: no input files
configure:12331: $? = 1
configure:12335: checking whether we are using the GNU C compiler
configure:12363: result: yes
configure:12372: checking whether /opt/FriendlyARM/toolschain/4.4.3/bin/arm-none-linux-gnueabi-gcc accepts -g
configure:12433: result: yes
configure:12450: checking for /opt/FriendlyARM/toolschain/4.4.3/bin/arm-none-linux-gnueabi-gcc option to accept ISO C89
configure:12526: result: none needed
configure:12548: checking dependency style of /opt/FriendlyARM/toolschain/4.4.3/bin/arm-none-linux-gnueabi-gcc
configure:12659: result: gcc3
configure:12679: checking how to run the C preprocessor
configure:12749: result: /opt/FriendlyARM/toolschain/4.4.3/bin/arm-none-linux-gnueabi-cpp
configure:12769: /opt/FriendlyARM/toolschain/4.4.3/bin/arm-none-linux-gnueabi-cpp -I/friendlyarm/usr/include -I/friendlyarm/usr/local/include -g conftest.c
configure:12769: $? = 0
configure:12783: /opt/FriendlyARM/toolschain/4.4.3/bin/arm-none-linux-gnueabi-cpp -I/friendlyarm/usr/include -I/friendlyarm/usr/local/include -g conftest.c
conftest.c:21:28: error: ac_nonexistent.h: No such file or directory
configure:12783: $? = 1
configure: failed program was:
| /* confdefs.h */
| #define PACKAGE_NAME "ilixi"
| #define PACKAGE_TARNAME "ilixi"
| #define PACKAGE_VERSION "1.0.0"
| #define PACKAGE_STRING "ilixi 1.0.0"
| #define PACKAGE_BUGREPORT "tarik@ilixi.org"
| #define PACKAGE_URL "http://www.ilixi.org"
| #define STDC_HEADERS 1
| #define HAVE_SYS_TYPES_H 1
| #define HAVE_SYS_STAT_H 1
| #define HAVE_STDLIB_H 1
| #define HAVE_STRING_H 1
| #define HAVE_MEMORY_H 1
| #define HAVE_STRINGS_H 1
| #define HAVE_INTTYPES_H 1
| #define HAVE_STDINT_H 1
| #define HAVE_UNISTD_H 1
| #define HAVE_DLFCN_H 1
| #define LT_OBJDIR ".libs/"
| /* end confdefs.h.  */
| #include <ac_nonexistent.h>
configure:12923: checking for C++ compiler version
configure:12932: /opt/FriendlyARM/toolschain/4.4.3/bin/arm-none-linux-gnueabi-g++ --version >&5
.arm-none-linux-gnueabi-g++ (ctng-1.6.1) 4.4.3
Copyright (C) 2010 Free Software Foundation, Inc.
This is free software; see the source for copying conditions.  There is NO
warranty; not even for MERCHANTABILITY or FITNESS FOR A PARTICULAR PURPOSE.

configure:12943: $? = 0
configure:12932: /opt/FriendlyARM/toolschain/4.4.3/bin/arm-none-linux-gnueabi-g++ -v >&5
Using built-in specs.
Target: arm-none-linux-gnueabi
Configured with: /opt/FriendlyARM/mini2440/build-toolschain/working/src/gcc-4.4.3/configure --build=i386-build_redhat-linux-gnu --host=i386-build_redhat-linux-gnu --target=arm-none-linux-gnueabi --prefix=/opt/FriendlyARM/toolschain/4.4.3 --with-sysroot=/opt/FriendlyARM/toolschain/4.4.3/arm-none-linux-gnueabi//sys-root --enable-languages=c,c++ --disable-multilib --with-arch=armv4t --with-cpu=arm920t --with-tune=arm920t --with-float=soft --with-pkgversion=ctng-1.6.1 --disable-sjlj-exceptions --enable-__cxa_atexit --with-gmp=/opt/FriendlyARM/toolschain/4.4.3 --with-mpfr=/opt/FriendlyARM/toolschain/4.4.3 --with-ppl=/opt/FriendlyARM/toolschain/4.4.3 --with-cloog=/opt/FriendlyARM/toolschain/4.4.3 --with-mpc=/opt/FriendlyARM/toolschain/4.4.3 --with-local-prefix=/opt/FriendlyARM/toolschain/4.4.3/arm-none-linux-gnueabi//sys-root --disable-nls --enable-threads=posix --enable-symvers=gnu --enable-c99 --enable-long-long --enable-target-optspace
Thread model: posix
gcc version 4.4.3 (ctng-1.6.1) 
configure:12943: $? = 0
configure:12932: /opt/FriendlyARM/toolschain/4.4.3/bin/arm-none-linux-gnueabi-g++ -V >&5
.arm-none-linux-gnueabi-g++: '-V' option must have argument
configure:12943: $? = 1
configure:12932: /opt/FriendlyARM/toolschain/4.4.3/bin/arm-none-linux-gnueabi-g++ -qversion >&5
.arm-none-linux-gnueabi-g++: unrecognized option '-qversion'
.arm-none-linux-gnueabi-g++: no input files
configure:12943: $? = 1
configure:12947: checking whether we are using the GNU C++ compiler
configure:12966: /opt/FriendlyARM/toolschain/4.4.3/bin/arm-none-linux-gnueabi-g++ -c  -I/friendlyarm/usr/include -I/friendlyarm/usr/local/include -g conftest.cpp >&5
configure:12966: $? = 0
configure:12975: result: yes
configure:12984: checking whether /opt/FriendlyARM/toolschain/4.4.3/bin/arm-none-linux-gnueabi-g++ accepts -g
configure:13004: /opt/FriendlyARM/toolschain/4.4.3/bin/arm-none-linux-gnueabi-g++ -c -g -I/friendlyarm/usr/include -I/friendlyarm/usr/local/include -g conftest.cpp >&5
configure:13004: $? = 0
configure:13045: result: yes
configure:13070: checking dependency style of /opt/FriendlyARM/toolschain/4.4.3/bin/arm-none-linux-gnueabi-g++
configure:13181: result: gcc3
configure:13214: checking how to run the C++ preprocessor
configure:13241: /opt/FriendlyARM/toolschain/4.4.3/bin/arm-none-linux-gnueabi-g++ -E -I/friendlyarm/usr/include -I/friendlyarm/usr/local/include -g conftest.cpp
configure:13241: $? = 0
configure:13255: /opt/FriendlyARM/toolschain/4.4.3/bin/arm-none-linux-gnueabi-g++ -E -I/friendlyarm/usr/include -I/friendlyarm/usr/local/include -g conftest.cpp
conftest.cpp:21:28: error: ac_nonexistent.h: No such file or directory
configure:13255: $? = 1
configure: failed program was:
| /* confdefs.h */
| #define PACKAGE_NAME "ilixi"
| #define PACKAGE_TARNAME "ilixi"
| #define PACKAGE_VERSION "1.0.0"
| #define PACKAGE_STRING "ilixi 1.0.0"
| #define PACKAGE_BUGREPORT "tarik@ilixi.org"
| #define PACKAGE_URL "http://www.ilixi.org"
| #define STDC_HEADERS 1
| #define HAVE_SYS_TYPES_H 1
| #define HAVE_SYS_STAT_H 1
| #define HAVE_STDLIB_H 1
| #define HAVE_STRING_H 1
| #define HAVE_MEMORY_H 1
| #define HAVE_STRINGS_H 1
| #define HAVE_INTTYPES_H 1
| #define HAVE_STDINT_H 1
| #define HAVE_UNISTD_H 1
| #define HAVE_DLFCN_H 1
| #define LT_OBJDIR ".libs/"
| /* end confdefs.h.  */
| #include <ac_nonexistent.h>
configure:13280: result: /opt/FriendlyARM/toolschain/4.4.3/bin/arm-none-linux-gnueabi-g++ -E
configure:13300: /opt/FriendlyARM/toolschain/4.4.3/bin/arm-none-linux-gnueabi-g++ -E -I/friendlyarm/usr/include -I/friendlyarm/usr/local/include -g conftest.cpp
configure:13300: $? = 0
configure:13314: /opt/FriendlyARM/toolschain/4.4.3/bin/arm-none-linux-gnueabi-g++ -E -I/friendlyarm/usr/include -I/friendlyarm/usr/local/include -g conftest.cpp
conftest.cpp:21:28: error: ac_nonexistent.h: No such file or directory
configure:13314: $? = 1
configure: failed program was:
| /* confdefs.h */
| #define PACKAGE_NAME "ilixi"
| #define PACKAGE_TARNAME "ilixi"
| #define PACKAGE_VERSION "1.0.0"
| #define PACKAGE_STRING "ilixi 1.0.0"
| #define PACKAGE_BUGREPORT "tarik@ilixi.org"
| #define PACKAGE_URL "http://www.ilixi.org"
| #define STDC_HEADERS 1
| #define HAVE_SYS_TYPES_H 1
| #define HAVE_SYS_STAT_H 1
| #define HAVE_STDLIB_H 1
| #define HAVE_STRING_H 1
| #define HAVE_MEMORY_H 1
| #define HAVE_STRINGS_H 1
| #define HAVE_INTTYPES_H 1
| #define HAVE_STDINT_H 1
| #define HAVE_UNISTD_H 1
| #define HAVE_DLFCN_H 1
| #define LT_OBJDIR ".libs/"
| /* end confdefs.h.  */
| #include <ac_nonexistent.h>
configure:13483: checking for ld used by /opt/FriendlyARM/toolschain/4.4.3/bin/arm-none-linux-gnueabi-g++
configure:13550: result: /opt/FriendlyARM/toolschain/4.4.3/bin/arm-none-linux-gnueabi-ld
configure:13557: checking if the linker (/opt/FriendlyARM/toolschain/4.4.3/bin/arm-none-linux-gnueabi-ld) is GNU ld
configure:13572: result: yes
configure:13627: checking whether the /opt/FriendlyARM/toolschain/4.4.3/bin/arm-none-linux-gnueabi-g++ linker (/opt/FriendlyARM/toolschain/4.4.3/bin/arm-none-linux-gnueabi-ld) supports shared libraries
configure:14629: result: yes
configure:14665: /opt/FriendlyARM/toolschain/4.4.3/bin/arm-none-linux-gnueabi-g++ -c -g -O2 -I/friendlyarm/usr/include -I/friendlyarm/usr/local/include -g conftest.cpp >&5
configure:14668: $? = 0
configure:15188: checking for /opt/FriendlyARM/toolschain/4.4.3/bin/arm-none-linux-gnueabi-g++ option to produce PIC
configure:15195: result: -fPIC -DPIC
configure:15203: checking if /opt/FriendlyARM/toolschain/4.4.3/bin/arm-none-linux-gnueabi-g++ PIC flag -fPIC -DPIC works
configure:15221: /opt/FriendlyARM/toolschain/4.4.3/bin/arm-none-linux-gnueabi-g++ -c -g -O2 -I/friendlyarm/usr/include -I/friendlyarm/usr/local/include -g -fPIC -DPIC -DPIC conftest.cpp >&5
configure:15225: $? = 0
configure:15238: result: yes
configure:15261: checking if /opt/FriendlyARM/toolschain/4.4.3/bin/arm-none-linux-gnueabi-g++ static flag -static works
configure:15289: result: yes
configure:15301: checking if /opt/FriendlyARM/toolschain/4.4.3/bin/arm-none-linux-gnueabi-g++ supports -c -o file.o
configure:15322: /opt/FriendlyARM/toolschain/4.4.3/bin/arm-none-linux-gnueabi-g++ -c -g -O2 -I/friendlyarm/usr/include -I/friendlyarm/usr/local/include -g -o out/conftest2.o conftest.cpp >&5
configure:15326: $? = 0
configure:15348: result: yes
configure:15353: checking if /opt/FriendlyARM/toolschain/4.4.3/bin/arm-none-linux-gnueabi-g++ supports -c -o file.o
configure:15400: result: yes
configure:15430: checking whether the /opt/FriendlyARM/toolschain/4.4.3/bin/arm-none-linux-gnueabi-g++ linker (/opt/FriendlyARM/toolschain/4.4.3/bin/arm-none-linux-gnueabi-ld) supports shared libraries
configure:15469: result: yes
configure:15610: checking dynamic linker characteristics
configure:16278: result: GNU/Linux ld.so
configure:16331: checking how to hardcode library paths into programs
configure:16356: result: immediate
configure:16401: checking for gawk
configure:16428: result: gawk
configure:16440: checking whether ln -s works
configure:16444: result: yes
configure:16451: checking whether make sets $(MAKE)
configure:16473: result: yes
configure:16489: checking for stdlib.h
configure:16489: result: yes
configure:16489: checking for stdarg.h
configure:16489: /opt/FriendlyARM/toolschain/4.4.3/bin/arm-none-linux-gnueabi-gcc -c -I/friendlyarm/usr/include -I/friendlyarm/usr/local/include -g -I/friendlyarm/usr/include -I/friendlyarm/usr/local/include -g conftest.c >&5
configure:16489: $? = 0
configure:16489: result: yes
configure:16489: checking for stdio.h
configure:16489: /opt/FriendlyARM/toolschain/4.4.3/bin/arm-none-linux-gnueabi-gcc -c -I/friendlyarm/usr/include -I/friendlyarm/usr/local/include -g -I/friendlyarm/usr/include -I/friendlyarm/usr/local/include -g conftest.c >&5
configure:16489: $? = 0
configure:16489: result: yes
configure:16489: checking for time.h
configure:16489: /opt/FriendlyARM/toolschain/4.4.3/bin/arm-none-linux-gnueabi-gcc -c -I/friendlyarm/usr/include -I/friendlyarm/usr/local/include -g -I/friendlyarm/usr/include -I/friendlyarm/usr/local/include -g conftest.c >&5
configure:16489: $? = 0
configure:16489: result: yes
configure:16489: checking for unistd.h
configure:16489: result: yes
configure:16489: checking for spawn.h
configure:16489: /opt/FriendlyARM/toolschain/4.4.3/bin/arm-none-linux-gnueabi-gcc -c -I/friendlyarm/usr/include -I/friendlyarm/usr/local/include -g -I/friendlyarm/usr/include -I/friendlyarm/usr/local/include -g conftest.c >&5
configure:16489: $? = 0
configure:16489: result: yes
configure:16513: checking for stdbool.h that conforms to C99
configure:16580: /opt/FriendlyARM/toolschain/4.4.3/bin/arm-none-linux-gnueabi-gcc -c -I/friendlyarm/usr/include -I/friendlyarm/usr/local/include -g -I/friendlyarm/usr/include -I/friendlyarm/usr/local/include -g conftest.c >&5
configure:16580: $? = 0
configure:16587: result: yes
configure:16589: checking for _Bool
configure:16589: /opt/FriendlyARM/toolschain/4.4.3/bin/arm-none-linux-gnueabi-gcc -c -I/friendlyarm/usr/include -I/friendlyarm/usr/local/include -g -I/friendlyarm/usr/include -I/friendlyarm/usr/local/include -g conftest.c >&5
configure:16589: $? = 0
configure:16589: /opt/FriendlyARM/toolschain/4.4.3/bin/arm-none-linux-gnueabi-gcc -c -I/friendlyarm/usr/include -I/friendlyarm/usr/local/include -g -I/friendlyarm/usr/include -I/friendlyarm/usr/local/include -g conftest.c >&5
conftest.c: In function 'main':
conftest.c:63: error: expected expression before ')' token
configure:16589: $? = 1
configure: failed program was:
| /* confdefs.h */
| #define PACKAGE_NAME "ilixi"
| #define PACKAGE_TARNAME "ilixi"
| #define PACKAGE_VERSION "1.0.0"
| #define PACKAGE_STRING "ilixi 1.0.0"
| #define PACKAGE_BUGREPORT "tarik@ilixi.org"
| #define PACKAGE_URL "http://www.ilixi.org"
| #define STDC_HEADERS 1
| #define HAVE_SYS_TYPES_H 1
| #define HAVE_SYS_STAT_H 1
| #define HAVE_STDLIB_H 1
| #define HAVE_STRING_H 1
| #define HAVE_MEMORY_H 1
| #define HAVE_STRINGS_H 1
| #define HAVE_INTTYPES_H 1
| #define HAVE_STDINT_H 1
| #define HAVE_UNISTD_H 1
| #define HAVE_DLFCN_H 1
| #define LT_OBJDIR ".libs/"
| #define HAVE_STDLIB_H 1
| #define HAVE_STDARG_H 1
| #define HAVE_STDIO_H 1
| #define HAVE_TIME_H 1
| #define HAVE_UNISTD_H 1
| #define HAVE_SPAWN_H 1
| /* end confdefs.h.  */
| #include <stdio.h>
| #ifdef HAVE_SYS_TYPES_H
| # include <sys/types.h>
| #endif
| #ifdef HAVE_SYS_STAT_H
| # include <sys/stat.h>
| #endif
| #ifdef STDC_HEADERS
| # include <stdlib.h>
| # include <stddef.h>
| #else
| # ifdef HAVE_STDLIB_H
| #  include <stdlib.h>
| # endif
| #endif
| #ifdef HAVE_STRING_H
| # if !defined STDC_HEADERS && defined HAVE_MEMORY_H
| #  include <memory.h>
| # endif
| # include <string.h>
| #endif
| #ifdef HAVE_STRINGS_H
| # include <strings.h>
| #endif
| #ifdef HAVE_INTTYPES_H
| # include <inttypes.h>
| #endif
| #ifdef HAVE_STDINT_H
| # include <stdint.h>
| #endif
| #ifdef HAVE_UNISTD_H
| # include <unistd.h>
| #endif
| int
| main ()
| {
| if (sizeof ((_Bool)))
| 	    return 0;
|   ;
|   return 0;
| }
configure:16589: result: yes
configure:16606: checking for pid_t
configure:16606: /opt/FriendlyARM/toolschain/4.4.3/bin/arm-none-linux-gnueabi-gcc -c -I/friendlyarm/usr/include -I/friendlyarm/usr/local/include -g -I/friendlyarm/usr/include -I/friendlyarm/usr/local/include -g conftest.c >&5
configure:16606: $? = 0
configure:16606: /opt/FriendlyARM/toolschain/4.4.3/bin/arm-none-linux-gnueabi-gcc -c -I/friendlyarm/usr/include -I/friendlyarm/usr/local/include -g -I/friendlyarm/usr/include -I/friendlyarm/usr/local/include -g conftest.c >&5
conftest.c: In function 'main':
conftest.c:65: error: expected expression before ')' token
configure:16606: $? = 1
configure: failed program was:
| /* confdefs.h */
| #define PACKAGE_NAME "ilixi"
| #define PACKAGE_TARNAME "ilixi"
| #define PACKAGE_VERSION "1.0.0"
| #define PACKAGE_STRING "ilixi 1.0.0"
| #define PACKAGE_BUGREPORT "tarik@ilixi.org"
| #define PACKAGE_URL "http://www.ilixi.org"
| #define STDC_HEADERS 1
| #define HAVE_SYS_TYPES_H 1
| #define HAVE_SYS_STAT_H 1
| #define HAVE_STDLIB_H 1
| #define HAVE_STRING_H 1
| #define HAVE_MEMORY_H 1
| #define HAVE_STRINGS_H 1
| #define HAVE_INTTYPES_H 1
| #define HAVE_STDINT_H 1
| #define HAVE_UNISTD_H 1
| #define HAVE_DLFCN_H 1
| #define LT_OBJDIR ".libs/"
| #define HAVE_STDLIB_H 1
| #define HAVE_STDARG_H 1
| #define HAVE_STDIO_H 1
| #define HAVE_TIME_H 1
| #define HAVE_UNISTD_H 1
| #define HAVE_SPAWN_H 1
| #define HAVE__BOOL 1
| #define HAVE_STDBOOL_H 1
| /* end confdefs.h.  */
| #include <stdio.h>
| #ifdef HAVE_SYS_TYPES_H
| # include <sys/types.h>
| #endif
| #ifdef HAVE_SYS_STAT_H
| # include <sys/stat.h>
| #endif
| #ifdef STDC_HEADERS
| # include <stdlib.h>
| # include <stddef.h>
| #else
| # ifdef HAVE_STDLIB_H
| #  include <stdlib.h>
| # endif
| #endif
| #ifdef HAVE_STRING_H
| # if !defined STDC_HEADERS && defined HAVE_MEMORY_H
| #  include <memory.h>
| # endif
| # include <string.h>
| #endif
| #ifdef HAVE_STRINGS_H
| # include <strings.h>
| #endif
| #ifdef HAVE_INTTYPES_H
| # include <inttypes.h>
| #endif
| #ifdef HAVE_STDINT_H
| # include <stdint.h>
| #endif
| #ifdef HAVE_UNISTD_H
| # include <unistd.h>
| #endif
| int
| main ()
| {
| if (sizeof ((pid_t)))
| 	    return 0;
|   ;
|   return 0;
| }
configure:16606: result: yes
configure:16617: checking for error_at_line
configure:16633: /opt/FriendlyARM/toolschain/4.4.3/bin/arm-none-linux-gnueabi-gcc -o conftest -I/friendlyarm/usr/include -I/friendlyarm/usr/local/include -g -I/friendlyarm/usr/include -I/friendlyarm/usr/local/include -g -L/friendlyarm/lib -L/friendlyarm/usr/lib -L/friendlyarm/usr/local/lib conftest.c  >&5
configure:16633: $? = 0
configure:16641: result: yes
configure:16664: checking dependencies...
configure:16674: checking for FusionDale
configure:16681: $PKG_CONFIG --exists --print-errors "$FUSIONDALE_DEP"
configure:16684: $? = 0
configure:16698: $PKG_CONFIG --exists --print-errors "$FUSIONDALE_DEP"
configure:16701: $? = 0
configure:16749: result: yes
configure:16764: checking for FusionSound
configure:16771: $PKG_CONFIG --exists --print-errors "$FUSIONSOUND_DEP"
configure:16774: $? = 0
configure:16788: $PKG_CONFIG --exists --print-errors "$FUSIONSOUND_DEP"
configure:16791: $? = 0
configure:16839: result: yes
configure:16854: checking for SaWMan
configure:16861: $PKG_CONFIG --exists --print-errors "$SAWMAN_DEP"
configure:16864: $? = 0
configure:16878: $PKG_CONFIG --exists --print-errors "$SAWMAN_DEP"
configure:16881: $? = 0
configure:16927: result: yes
configure:16989: checking whether NLS is requested
configure:16998: result: yes
configure:17039: checking for msgfmt
configure: trying /usr/bin/msgfmt...
0 translated messages.
configure:17071: result: /usr/bin/msgfmt
configure:17080: checking for gmsgfmt
configure:17111: result: /usr/bin/msgfmt
configure:17162: checking for xgettext
configure: trying /usr/bin/xgettext...
/usr/bin/xgettext: warning: file '/dev/null' extension '' is unknown; will try C
configure:17194: result: /usr/bin/xgettext
configure:17240: checking for msgmerge
configure: trying /usr/bin/msgmerge...
configure:17271: result: /usr/bin/msgmerge
configure:17328: checking for ld used by GCC
configure:17392: result: /opt/FriendlyARM/toolschain/4.4.3/bin/arm-none-linux-gnueabi-ld
configure:17399: checking if the linker (/opt/FriendlyARM/toolschain/4.4.3/bin/arm-none-linux-gnueabi-ld) is GNU ld
configure:17412: result: yes
configure:17419: checking for shared library run path origin
configure:17432: result: done
configure:17982: checking libintl.h usability
configure:17982: /opt/FriendlyARM/toolschain/4.4.3/bin/arm-none-linux-gnueabi-gcc -c -I/friendlyarm/usr/include -I/friendlyarm/usr/local/include -g -I/friendlyarm/usr/include -I/friendlyarm/usr/local/include -g conftest.c >&5
configure:17982: $? = 0
configure:17982: result: yes
configure:17982: checking libintl.h presence
configure:17982: /opt/FriendlyARM/toolschain/4.4.3/bin/arm-none-linux-gnueabi-cpp -I/friendlyarm/usr/include -I/friendlyarm/usr/local/include -g conftest.c
configure:17982: $? = 0
configure:17982: result: yes
configure:17982: checking for libintl.h
configure:17982: result: yes
configure:18010: checking for CFPreferencesCopyAppValue
configure:18028: /opt/FriendlyARM/toolschain/4.4.3/bin/arm-none-linux-gnueabi-gcc -o conftest -I/friendlyarm/usr/include -I/friendlyarm/usr/local/include -g -I/friendlyarm/usr/include -I/friendlyarm/usr/local/include -g -L/friendlyarm/lib -L/friendlyarm/usr/lib -L/friendlyarm/usr/local/lib conftest.c  -Wl,-framework -Wl,CoreFoundation >&5
conftest.c:32:42: error: CoreFoundation/CFPreferences.h: No such file or directory
conftest.c: In function 'main':
conftest.c:36: error: 'NULL' undeclared (first use in this function)
conftest.c:36: error: (Each undeclared identifier is reported only once
conftest.c:36: error: for each function it appears in.)
configure:18028: $? = 1
configure: failed program was:
| /* confdefs.h */
| #define PACKAGE_NAME "ilixi"
| #define PACKAGE_TARNAME "ilixi"
| #define PACKAGE_VERSION "1.0.0"
| #define PACKAGE_STRING "ilixi 1.0.0"
| #define PACKAGE_BUGREPORT "tarik@ilixi.org"
| #define PACKAGE_URL "http://www.ilixi.org"
| #define STDC_HEADERS 1
| #define HAVE_SYS_TYPES_H 1
| #define HAVE_SYS_STAT_H 1
| #define HAVE_STDLIB_H 1
| #define HAVE_STRING_H 1
| #define HAVE_MEMORY_H 1
| #define HAVE_STRINGS_H 1
| #define HAVE_INTTYPES_H 1
| #define HAVE_STDINT_H 1
| #define HAVE_UNISTD_H 1
| #define HAVE_DLFCN_H 1
| #define LT_OBJDIR ".libs/"
| #define HAVE_STDLIB_H 1
| #define HAVE_STDARG_H 1
| #define HAVE_STDIO_H 1
| #define HAVE_TIME_H 1
| #define HAVE_UNISTD_H 1
| #define HAVE_SPAWN_H 1
| #define HAVE__BOOL 1
| #define HAVE_STDBOOL_H 1
| #define HAVE_FUSIONDALE 1
| #define HAVE_FUSIONSOUND 1
| #define HAVE_SAWMAN 1
| /* end confdefs.h.  */
| #include <CoreFoundation/CFPreferences.h>
| int
| main ()
| {
| CFPreferencesCopyAppValue(NULL, NULL)
|   ;
|   return 0;
| }
configure:18037: result: no
configure:18044: checking for CFLocaleCopyCurrent
configure:18062: /opt/FriendlyARM/toolschain/4.4.3/bin/arm-none-linux-gnueabi-gcc -o conftest -I/friendlyarm/usr/include -I/friendlyarm/usr/local/include -g -I/friendlyarm/usr/include -I/friendlyarm/usr/local/include -g -L/friendlyarm/lib -L/friendlyarm/usr/lib -L/friendlyarm/usr/local/lib conftest.c  -Wl,-framework -Wl,CoreFoundation >&5
conftest.c:32:37: error: CoreFoundation/CFLocale.h: No such file or directory
configure:18062: $? = 1
configure: failed program was:
| /* confdefs.h */
| #define PACKAGE_NAME "ilixi"
| #define PACKAGE_TARNAME "ilixi"
| #define PACKAGE_VERSION "1.0.0"
| #define PACKAGE_STRING "ilixi 1.0.0"
| #define PACKAGE_BUGREPORT "tarik@ilixi.org"
| #define PACKAGE_URL "http://www.ilixi.org"
| #define STDC_HEADERS 1
| #define HAVE_SYS_TYPES_H 1
| #define HAVE_SYS_STAT_H 1
| #define HAVE_STDLIB_H 1
| #define HAVE_STRING_H 1
| #define HAVE_MEMORY_H 1
| #define HAVE_STRINGS_H 1
| #define HAVE_INTTYPES_H 1
| #define HAVE_STDINT_H 1
| #define HAVE_UNISTD_H 1
| #define HAVE_DLFCN_H 1
| #define LT_OBJDIR ".libs/"
| #define HAVE_STDLIB_H 1
| #define HAVE_STDARG_H 1
| #define HAVE_STDIO_H 1
| #define HAVE_TIME_H 1
| #define HAVE_UNISTD_H 1
| #define HAVE_SPAWN_H 1
| #define HAVE__BOOL 1
| #define HAVE_STDBOOL_H 1
| #define HAVE_FUSIONDALE 1
| #define HAVE_FUSIONSOUND 1
| #define HAVE_SAWMAN 1
| /* end confdefs.h.  */
| #include <CoreFoundation/CFLocale.h>
| int
| main ()
| {
| CFLocaleCopyCurrent();
|   ;
|   return 0;
| }
configure:18071: result: no
configure:18120: checking for GNU gettext in libc
configure:18140: /opt/FriendlyARM/toolschain/4.4.3/bin/arm-none-linux-gnueabi-gcc -o conftest -I/friendlyarm/usr/include -I/friendlyarm/usr/local/include -g -I/friendlyarm/usr/include -I/friendlyarm/usr/local/include -g -L/friendlyarm/lib -L/friendlyarm/usr/lib -L/friendlyarm/usr/local/lib conftest.c  >&5
configure:18140: $? = 0
configure:18149: result: yes
configure:18940: checking whether to use NLS
configure:18942: result: yes
configure:18945: checking where the gettext function comes from
configure:18956: result: libc
configure:19031: checking baresip_dale.h usability
configure:19031: /opt/FriendlyARM/toolschain/4.4.3/bin/arm-none-linux-gnueabi-gcc -c -I/friendlyarm/usr/include -I/friendlyarm/usr/local/include -g -I/friendlyarm/usr/include -I/friendlyarm/usr/local/include -g conftest.c >&5
conftest.c:69:26: error: baresip_dale.h: No such file or directory
configure:19031: $? = 1
configure: failed program was:
| /* confdefs.h */
| #define PACKAGE_NAME "ilixi"
| #define PACKAGE_TARNAME "ilixi"
| #define PACKAGE_VERSION "1.0.0"
| #define PACKAGE_STRING "ilixi 1.0.0"
| #define PACKAGE_BUGREPORT "tarik@ilixi.org"
| #define PACKAGE_URL "http://www.ilixi.org"
| #define STDC_HEADERS 1
| #define HAVE_SYS_TYPES_H 1
| #define HAVE_SYS_STAT_H 1
| #define HAVE_STDLIB_H 1
| #define HAVE_STRING_H 1
| #define HAVE_MEMORY_H 1
| #define HAVE_STRINGS_H 1
| #define HAVE_INTTYPES_H 1
| #define HAVE_STDINT_H 1
| #define HAVE_UNISTD_H 1
| #define HAVE_DLFCN_H 1
| #define LT_OBJDIR ".libs/"
| #define HAVE_STDLIB_H 1
| #define HAVE_STDARG_H 1
| #define HAVE_STDIO_H 1
| #define HAVE_TIME_H 1
| #define HAVE_UNISTD_H 1
| #define HAVE_SPAWN_H 1
| #define HAVE__BOOL 1
| #define HAVE_STDBOOL_H 1
| #define HAVE_FUSIONDALE 1
| #define HAVE_FUSIONSOUND 1
| #define HAVE_SAWMAN 1
| #define ENABLE_NLS 1
| #define HAVE_GETTEXT 1
| #define HAVE_DCGETTEXT 1
| #define HAVE_NLS 1
| /* end confdefs.h.  */
| #include <stdio.h>
| #ifdef HAVE_SYS_TYPES_H
| # include <sys/types.h>
| #endif
| #ifdef HAVE_SYS_STAT_H
| # include <sys/stat.h>
| #endif
| #ifdef STDC_HEADERS
| # include <stdlib.h>
| # include <stddef.h>
| #else
| # ifdef HAVE_STDLIB_H
| #  include <stdlib.h>
| # endif
| #endif
| #ifdef HAVE_STRING_H
| # if !defined STDC_HEADERS && defined HAVE_MEMORY_H
| #  include <memory.h>
| # endif
| # include <string.h>
| #endif
| #ifdef HAVE_STRINGS_H
| # include <strings.h>
| #endif
| #ifdef HAVE_INTTYPES_H
| # include <inttypes.h>
| #endif
| #ifdef HAVE_STDINT_H
| # include <stdint.h>
| #endif
| #ifdef HAVE_UNISTD_H
| # include <unistd.h>
| #endif
| #include <baresip_dale.h>
configure:19031: result: no
configure:19031: checking baresip_dale.h presence
configure:19031: /opt/FriendlyARM/toolschain/4.4.3/bin/arm-none-linux-gnueabi-cpp -I/friendlyarm/usr/include -I/friendlyarm/usr/local/include -g conftest.c
conftest.c:36:26: error: baresip_dale.h: No such file or directory
configure:19031: $? = 1
configure: failed program was:
| /* confdefs.h */
| #define PACKAGE_NAME "ilixi"
| #define PACKAGE_TARNAME "ilixi"
| #define PACKAGE_VERSION "1.0.0"
| #define PACKAGE_STRING "ilixi 1.0.0"
| #define PACKAGE_BUGREPORT "tarik@ilixi.org"
| #define PACKAGE_URL "http://www.ilixi.org"
| #define STDC_HEADERS 1
| #define HAVE_SYS_TYPES_H 1
| #define HAVE_SYS_STAT_H 1
| #define HAVE_STDLIB_H 1
| #define HAVE_STRING_H 1
| #define HAVE_MEMORY_H 1
| #define HAVE_STRINGS_H 1
| #define HAVE_INTTYPES_H 1
| #define HAVE_STDINT_H 1
| #define HAVE_UNISTD_H 1
| #define HAVE_DLFCN_H 1
| #define LT_OBJDIR ".libs/"
| #define HAVE_STDLIB_H 1
| #define HAVE_STDARG_H 1
| #define HAVE_STDIO_H 1
| #define HAVE_TIME_H 1
| #define HAVE_UNISTD_H 1
| #define HAVE_SPAWN_H 1
| #define HAVE__BOOL 1
| #define HAVE_STDBOOL_H 1
| #define HAVE_FUSIONDALE 1
| #define HAVE_FUSIONSOUND 1
| #define HAVE_SAWMAN 1
| #define ENABLE_NLS 1
| #define HAVE_GETTEXT 1
| #define HAVE_DCGETTEXT 1
| #define HAVE_NLS 1
| /* end confdefs.h.  */
| #include <baresip_dale.h>
configure:19031: result: no
configure:19031: checking for baresip_dale.h
configure:19031: result: no
configure:19035: WARNING: *** Baresip not found!
configure:19043: checking for DEPS
configure:19050: $PKG_CONFIG --exists --print-errors "$REQ_PACKAGES"
configure:19053: $? = 0
configure:19067: $PKG_CONFIG --exists --print-errors "$REQ_PACKAGES"
configure:19070: $? = 0
configure:19128: result: yes
configure:19203: checking for arm-none-linux-gnueabi-doxygen
configure:19236: result: no
configure:19246: checking for doxygen
configure:19264: found /usr/bin/doxygen
configure:19276: result: /usr/bin/doxygen
configure:19309: checking for arm-none-linux-gnueabi-perl
configure:19342: result: no
configure:19352: checking for perl
configure:19370: found /usr/bin/perl
configure:19382: result: /usr/bin/perl
configure:19481: checking for arm-none-linux-gnueabi-dot
configure:19514: result: no
configure:19524: checking for dot
configure:19557: result: no
configure:19577: WARNING: dot not found - will not generate graphics for doxygen documentation
configure:21437: creating ./config.status

## ---------------------- ##
## Running config.status. ##
## ---------------------- ##

This file was extended by ilixi config.status 1.0.0, which was
generated by GNU Autoconf 2.69.  Invocation command line was

  CONFIG_FILES    = 
  CONFIG_HEADERS  = 
  CONFIG_LINKS    = 
  CONFIG_COMMANDS = 
  $ ./config.status 

on localhost.localdomain

config.status:1333: creating Makefile
config.status:1333: creating apps/calc/Makefile
config.status:1333: creating apps/car/appdefs/Makefile
config.status:1333: creating apps/car/ccompositor/images/Makefile
config.status:1333: creating apps/car/ccompositor/Makefile
config.status:1333: creating apps/car/home/Makefile
config.status:1333: creating apps/car/Makefile
config.status:1333: creating apps/car/statusbar/images/Makefile
config.status:1333: creating apps/car/statusbar/Makefile
config.status:1333: creating apps/carousel/Makefile
config.status:1333: creating apps/demo2/Makefile
config.status:1333: creating apps/demo4/Makefile
config.status:1333: creating apps/gallery/images/Makefile
config.status:1333: creating apps/gallery/Makefile
config.status:1333: creating apps/Makefile
config.status:1333: creating apps/monitor/Makefile
config.status:1333: creating apps/osk/images/Makefile
config.status:1333: creating apps/osk/Makefile
config.status:1333: creating apps/phone/appdefs/Makefile
config.status:1333: creating apps/phone/dialer/Makefile
config.status:1333: creating apps/phone/home/Makefile
config.status:1333: creating apps/phone/Makefile
config.status:1333: creating apps/phone/pcompositor/Makefile
config.status:1333: creating apps/phone/statusbar/images/Makefile
config.status:1333: creating apps/phone/statusbar/Makefile
config.status:1333: creating apps/player/Makefile
config.status:1333: creating apps/settings/Makefile
config.status:1333: creating apps/sip/Makefile
config.status:1333: creating apps/soundmixer/images/Makefile
config.status:1333: creating apps/soundmixer/Makefile
config.status:1333: creating apps/stacking/Makefile
config.status:1333: creating apps/widgets/Makefile
config.status:1333: creating data/apps/icons/Makefile
config.status:1333: creating data/apps/Makefile
config.status:1333: creating data/ilixi_catalog.xml
config.status:1333: creating data/images/Makefile
config.status:1333: creating data/sounds/Makefile
config.status:1333: creating data/Makefile
config.status:1333: creating data/themes/dark/Makefile
config.status:1333: creating data/themes/default/Makefile
config.status:1333: creating data/themes/Makefile
config.status:1333: creating doc/Makefile
config.status:1333: creating doc/resources/Makefile
config.status:1333: creating doc/uml/Makefile
config.status:1333: creating examples/animations/Makefile
config.status:1333: creating examples/Makefile
config.status:1333: creating ilixi.pc
config.status:1333: creating ilixi/compositor/Makefile
config.status:1333: creating ilixi/core/Makefile
config.status:1333: creating ilixi/graphics/Makefile
config.status:1333: creating ilixi/lib/Makefile
config.status:1333: creating ilixi/Makefile
config.status:1333: creating ilixi/types/Makefile
config.status:1333: creating ilixi/ui/Makefile
config.status:1333: creating ilixi_config.h
config.status:1514: ilixi_config.h is unchanged
config.status:1562: executing ilixi/ilixiConfig.h commands
config.status:1600: creating ilixi/ilixiConfig.h - prefix ILIXI for ilixi_config.h defines
config.status:1622: ilixi/ilixiConfig.h is unchanged
config.status:1562: executing depfiles commands
config.status:1562: executing libtool commands
config.status:1562: executing po-directories commands
configure:24223: result:
   ilixi configuration summary
  -----------------------------
   Version                  : 1.0.0
   Install prefix           : /friendlyarm/usr/local
   Build shared libs        : yes
   Build static libs        : yes
   CPPFLAGS                 : -I/friendlyarm/usr/include -I/friendlyarm/usr/local/include -g
   CFLAGS                   : -I/friendlyarm/usr/include -I/friendlyarm/usr/local/include -g
   LDFLAGS                  : -L/friendlyarm/lib -L/friendlyarm/usr/lib -L/friendlyarm/usr/local/lib
   DEPS_CFLAGS              : -D_REENTRANT -I/friendlyarm/usr/local/include/sigc++-2.0 -I/friendlyarm/usr/local/lib/sigc++-2.0/include -I/friendlyarm/usr/local/include -I/friendlyarm/usr/local/include/freetype2 -I/friendlyarm/usr/local/include -I/friendlyarm/usr/local/include/libxml2 -I/friendlyarm/usr/local/include/freetype2 -I/friendlyarm/usr/local/include -I/friendlyarm/usr/local/include/fusiondale -I/friendlyarm/usr/local/include/fusionsound -I/friendlyarm/usr/local/include/sawman -I/friendlyarm/usr/local/include/directfb 
   DEPS_LIBS                : -L/friendlyarm/usr/local/lib -lsigc-2.0 -lxml2 -lfontconfig -lfreetype -lfusiondale -lfusionsound -lsawman -ldirectfb -lpthread -lfusion -ldirect -lpthread   
   Log level                : none
   Debug enabled            : no
   Trace enabled            : no
   Stereoscopy support      : no
   Surface event support    : yes
   FusionDale support       : yes
   FusionSound support      : yes
   Sawman support           : yes
   Reflex support           : no
   Wnn support              : no
   NLS support              : yes
   Examples                 : yes

Type `make' to build ilixi.
Type `make install' to install ilixi.


## ---------------- ##
## Cache variables. ##
## ---------------- ##

ac_cv_build=x86_64-pc-none
ac_cv_c_compiler_gnu=yes
ac_cv_cxx_compiler_gnu=yes
ac_cv_env_CCC_set=
ac_cv_env_CCC_value=
ac_cv_env_CC_set=set
ac_cv_env_CC_value=/opt/FriendlyARM/toolschain/4.4.3/bin/arm-none-linux-gnueabi-gcc
ac_cv_env_CFLAGS_set=set
ac_cv_env_CFLAGS_value='-I/friendlyarm/usr/include -I/friendlyarm/usr/local/include -g'
ac_cv_env_CPPFLAGS_set=set
ac_cv_env_CPPFLAGS_value='-I/friendlyarm/usr/include -I/friendlyarm/usr/local/include -g'
ac_cv_env_CPP_set=set
ac_cv_env_CPP_value=/opt/FriendlyARM/toolschain/4.4.3/bin/arm-none-linux-gnueabi-cpp
ac_cv_env_CXXCPP_set=
ac_cv_env_CXXCPP_value=
ac_cv_env_CXXFLAGS_set=
ac_cv_env_CXXFLAGS_value=
ac_cv_env_CXX_set=set
ac_cv_env_CXX_value=/opt/FriendlyARM/toolschain/4.4.3/bin/arm-none-linux-gnueabi-g++
ac_cv_env_DEPS_CFLAGS_set=
ac_cv_env_DEPS_CFLAGS_value=
ac_cv_env_DEPS_LIBS_set=
ac_cv_env_DEPS_LIBS_value=
ac_cv_env_DOXYGEN_PAPER_SIZE_set=
ac_cv_env_DOXYGEN_PAPER_SIZE_value=
ac_cv_env_FusionDale_CFLAGS_set=
ac_cv_env_FusionDale_CFLAGS_value=
ac_cv_env_FusionDale_LIBS_set=
ac_cv_env_FusionDale_LIBS_value=
ac_cv_env_FusionSound_CFLAGS_set=
ac_cv_env_FusionSound_CFLAGS_value=
ac_cv_env_FusionSound_LIBS_set=
ac_cv_env_FusionSound_LIBS_value=
ac_cv_env_LDFLAGS_set=set
ac_cv_env_LDFLAGS_value='-L/friendlyarm/lib -L/friendlyarm/usr/lib -L/friendlyarm/usr/local/lib'
ac_cv_env_LIBS_set=
ac_cv_env_LIBS_value=
ac_cv_env_PKG_CONFIG_LIBDIR_set=
ac_cv_env_PKG_CONFIG_LIBDIR_value=
ac_cv_env_PKG_CONFIG_PATH_set=set
ac_cv_env_PKG_CONFIG_PATH_value=/friendlyarm/usr/local/lib/pkgconfig
ac_cv_env_PKG_CONFIG_set=
ac_cv_env_PKG_CONFIG_value=
ac_cv_env_SaWMan_CFLAGS_set=
ac_cv_env_SaWMan_CFLAGS_value=
ac_cv_env_SaWMan_LIBS_set=
ac_cv_env_SaWMan_LIBS_value=
ac_cv_env_build_alias_set=set
ac_cv_env_build_alias_value=x86_64
ac_cv_env_host_alias_set=set
ac_cv_env_host_alias_value=arm-none-linux-gnueabi
ac_cv_env_target_alias_set=
ac_cv_env_target_alias_value=
ac_cv_header_baresip_dale_h=no
ac_cv_header_dlfcn_h=yes
ac_cv_header_inttypes_h=yes
ac_cv_header_libintl_h=yes
ac_cv_header_memory_h=yes
ac_cv_header_spawn_h=yes
ac_cv_header_stdarg_h=yes
ac_cv_header_stdbool_h=yes
ac_cv_header_stdc=yes
ac_cv_header_stdint_h=yes
ac_cv_header_stdio_h=yes
ac_cv_header_stdlib_h=yes
ac_cv_header_string_h=yes
ac_cv_header_strings_h=yes
ac_cv_header_sys_stat_h=yes
ac_cv_header_sys_types_h=yes
ac_cv_header_time_h=yes
ac_cv_header_unistd_h=yes
ac_cv_host=arm-none-linux-gnueabi
ac_cv_lib_error_at_line=yes
ac_cv_objext=o
ac_cv_path_EGREP='/usr/bin/grep -E'
ac_cv_path_FGREP='/usr/bin/grep -F'
ac_cv_path_GMSGFMT=/usr/bin/msgfmt
ac_cv_path_GREP=/usr/bin/grep
ac_cv_path_MSGFMT=/usr/bin/msgfmt
ac_cv_path_MSGMERGE=/usr/bin/msgmerge
ac_cv_path_SED=/usr/bin/sed
ac_cv_path_XGETTEXT=/usr/bin/xgettext
ac_cv_path_ac_pt_DX_DOXYGEN=/usr/bin/doxygen
ac_cv_path_ac_pt_DX_PERL=/usr/bin/perl
ac_cv_path_ac_pt_PKG_CONFIG=/usr/bin/pkg-config
ac_cv_path_install='/usr/bin/install -c'
ac_cv_path_mkdir=/usr/bin/mkdir
ac_cv_prog_AR=/opt/FriendlyARM/toolschain/4.4.3/bin/arm-none-linux-gnueabi-ar
ac_cv_prog_AWK=gawk
ac_cv_prog_CC=/opt/FriendlyARM/toolschain/4.4.3/bin/arm-none-linux-gnueabi-gcc
ac_cv_prog_CPP=/opt/FriendlyARM/toolschain/4.4.3/bin/arm-none-linux-gnueabi-cpp
ac_cv_prog_CXXCPP='/opt/FriendlyARM/toolschain/4.4.3/bin/arm-none-linux-gnueabi-g++ -E'
ac_cv_prog_OBJDUMP=arm-none-linux-gnueabi-objdump
ac_cv_prog_RANLIB=/opt/FriendlyARM/toolschain/4.4.3/bin/arm-none-linux-gnueabi-ranlib
ac_cv_prog_STRIP=/opt/FriendlyARM/toolschain/4.4.3/bin/arm-none-linux-gnueabi-strip
ac_cv_prog_cc_c89=
ac_cv_prog_cc_g=yes
ac_cv_prog_cxx_g=yes
ac_cv_prog_make_make_set=yes
ac_cv_type__Bool=yes
ac_cv_type_pid_t=yes
acl_cv_hardcode_direct=no
acl_cv_hardcode_libdir_flag_spec='${wl}-rpath ${wl}$libdir'
acl_cv_hardcode_libdir_separator=
acl_cv_hardcode_minus_L=no
acl_cv_libext=a
acl_cv_libname_spec='lib$name'
acl_cv_library_names_spec='$libname$shrext'
acl_cv_path_LD=/opt/FriendlyARM/toolschain/4.4.3/bin/arm-none-linux-gnueabi-ld
acl_cv_prog_gnu_ld=yes
acl_cv_rpath=done
acl_cv_shlibext=so
acl_cv_wl=-Wl,
am_cv_CC_dependencies_compiler_type=gcc3
am_cv_CXX_dependencies_compiler_type=gcc3
am_cv_make_support_nested_variables=yes
gt_cv_func_CFLocaleCopyCurrent=no
gt_cv_func_CFPreferencesCopyAppValue=no
gt_cv_func_gnugettext1_libc=yes
lt_cv_ar_at_file=@
lt_cv_archive_cmds_need_lc=no
lt_cv_deplibs_check_method=pass_all
lt_cv_file_magic_cmd='$MAGIC_CMD'
lt_cv_file_magic_test_file=
lt_cv_ld_reload_flag=-r
lt_cv_nm_interface='BSD nm'
lt_cv_objdir=.libs
lt_cv_path_LD=/opt/FriendlyARM/toolschain/4.4.3/bin/arm-none-linux-gnueabi-ld
lt_cv_path_LDCXX=/opt/FriendlyARM/toolschain/4.4.3/bin/arm-none-linux-gnueabi-ld
lt_cv_path_NM='/opt/FriendlyARM/toolschain/4.4.3/bin/arm-none-linux-gnueabi-nm -B'
lt_cv_path_mainfest_tool=no
lt_cv_prog_compiler_c_o=yes
lt_cv_prog_compiler_c_o_CXX=yes
lt_cv_prog_compiler_pic='-fPIC -DPIC'
lt_cv_prog_compiler_pic_CXX='-fPIC -DPIC'
lt_cv_prog_compiler_pic_works=yes
lt_cv_prog_compiler_pic_works_CXX=yes
lt_cv_prog_compiler_rtti_exceptions=no
lt_cv_prog_compiler_static_works=yes
lt_cv_prog_compiler_static_works_CXX=yes
lt_cv_prog_gnu_ld=yes
lt_cv_prog_gnu_ldcxx=yes
lt_cv_sharedlib_from_linklib_cmd='printf %s\n'
lt_cv_shlibpath_overrides_runpath=yes
lt_cv_sys_global_symbol_pipe='sed -n -e '\''s/^.*[	 ]\([ABCDGIRSTW][ABCDGIRSTW]*\)[	 ][	 ]*\([_A-Za-z][_A-Za-z0-9]*\)$/\1 \2 \2/p'\'' | sed '\''/ __gnu_lto/d'\'''
lt_cv_sys_global_symbol_to_c_name_address='sed -n -e '\''s/^: \([^ ]*\)[ ]*$/  {\"\1\", (void *) 0},/p'\'' -e '\''s/^[ABCDGIRSTW]* \([^ ]*\) \([^ ]*\)$/  {"\2", (void *) \&\2},/p'\'''
lt_cv_sys_global_symbol_to_c_name_address_lib_prefix='sed -n -e '\''s/^: \([^ ]*\)[ ]*$/  {\"\1\", (void *) 0},/p'\'' -e '\''s/^[ABCDGIRSTW]* \([^ ]*\) \(lib[^ ]*\)$/  {"\2", (void *) \&\2},/p'\'' -e '\''s/^[ABCDGIRSTW]* \([^ ]*\) \([^ ]*\)$/  {"lib\2", (void *) \&\2},/p'\'''
lt_cv_sys_global_symbol_to_cdecl='sed -n -e '\''s/^T .* \(.*\)$/extern int \1();/p'\'' -e '\''s/^[ABCDGIRSTW]* .* \(.*\)$/extern char \1;/p'\'''
lt_cv_sys_max_cmd_len=1572864
lt_cv_to_host_file_cmd=func_convert_file_noop
lt_cv_to_tool_file_cmd=func_convert_file_noop
pkg_cv_DEPS_CFLAGS='-D_REENTRANT -I/friendlyarm/usr/local/include/sigc++-2.0 -I/friendlyarm/usr/local/lib/sigc++-2.0/include -I/friendlyarm/usr/local/include -I/friendlyarm/usr/local/include/freetype2 -I/friendlyarm/usr/local/include -I/friendlyarm/usr/local/include/libxml2 -I/friendlyarm/usr/local/include/freetype2 -I/friendlyarm/usr/local/include -I/friendlyarm/usr/local/include/fusiondale -I/friendlyarm/usr/local/include/fusionsound -I/friendlyarm/usr/local/include/sawman -I/friendlyarm/usr/local/include/directfb '
pkg_cv_DEPS_LIBS='-L/friendlyarm/usr/local/lib -lsigc-2.0 -lxml2 -lfontconfig -lfreetype -lfusiondale -lfusionsound -lsawman -ldirectfb -lpthread -lfusion -ldirect -lpthread '
pkg_cv_FusionDale_CFLAGS='-D_REENTRANT -I/friendlyarm/usr/local/include/fusiondale -I/friendlyarm/usr/local/include/directfb '
pkg_cv_FusionDale_LIBS='-L/friendlyarm/usr/local/lib -lfusiondale -lfusion -ldirect -lpthread '
pkg_cv_FusionSound_CFLAGS='-D_REENTRANT -I/friendlyarm/usr/local/include/fusionsound -I/friendlyarm/usr/local/include/directfb '
pkg_cv_FusionSound_LIBS='-L/friendlyarm/usr/local/lib -lfusionsound -lfusion -ldirect -lpthread '
pkg_cv_SaWMan_CFLAGS='-D_REENTRANT -I/friendlyarm/usr/local/include/sawman -I/friendlyarm/usr/local/include/directfb '
pkg_cv_SaWMan_LIBS='-L/friendlyarm/usr/local/lib -lsawman -ldirectfb -lpthread -lfusion -ldirect -lpthread '

## ----------------- ##
## Output variables. ##
## ----------------- ##

ACLOCAL='${SHELL} /home/ninhld/mini2440/develop/ilixi-1.0.0/config/missing --run aclocal-1.11'
AMDEPBACKSLASH='\'
AMDEP_FALSE='#'
AMDEP_TRUE=''
AMTAR='$${TAR-tar}'
AM_BACKSLASH='\'
AM_DEFAULT_V='$(AM_DEFAULT_VERBOSITY)'
AM_DEFAULT_VERBOSITY='0'
AM_V='$(V)'
AR='/opt/FriendlyARM/toolschain/4.4.3/bin/arm-none-linux-gnueabi-ar'
AUTOCONF='${SHELL} /home/ninhld/mini2440/develop/ilixi-1.0.0/config/missing --run autoconf'
AUTOHEADER='${SHELL} /home/ninhld/mini2440/develop/ilixi-1.0.0/config/missing --run autoheader'
AUTOMAKE='${SHELL} /home/ninhld/mini2440/develop/ilixi-1.0.0/config/missing --run automake-1.11'
AWK='gawk'
CC='/opt/FriendlyARM/toolschain/4.4.3/bin/arm-none-linux-gnueabi-gcc'
CCDEPMODE='depmode=gcc3'
CFLAGS='-I/friendlyarm/usr/include -I/friendlyarm/usr/local/include -g'
CPP='/opt/FriendlyARM/toolschain/4.4.3/bin/arm-none-linux-gnueabi-cpp'
CPPFLAGS='-I/friendlyarm/usr/include -I/friendlyarm/usr/local/include -g'
CXX='/opt/FriendlyARM/toolschain/4.4.3/bin/arm-none-linux-gnueabi-g++'
CXXCPP='/opt/FriendlyARM/toolschain/4.4.3/bin/arm-none-linux-gnueabi-g++ -E'
CXXDEPMODE='depmode=gcc3'
CXXFLAGS='-I/friendlyarm/usr/include -I/friendlyarm/usr/local/include -g'
CYGPATH_W='echo'
DEFS='-DHAVE_CONFIG_H'
DEPDIR='.deps'
DEPS_CFLAGS='-D_REENTRANT -I/friendlyarm/usr/local/include/sigc++-2.0 -I/friendlyarm/usr/local/lib/sigc++-2.0/include -I/friendlyarm/usr/local/include -I/friendlyarm/usr/local/include/freetype2 -I/friendlyarm/usr/local/include -I/friendlyarm/usr/local/include/libxml2 -I/friendlyarm/usr/local/include/freetype2 -I/friendlyarm/usr/local/include -I/friendlyarm/usr/local/include/fusiondale -I/friendlyarm/usr/local/include/fusionsound -I/friendlyarm/usr/local/include/sawman -I/friendlyarm/usr/local/include/directfb '
DEPS_LIBS='-L/friendlyarm/usr/local/lib -lsigc-2.0 -lxml2 -lfontconfig -lfreetype -lfusiondale -lfusionsound -lsawman -ldirectfb -lpthread -lfusion -ldirect -lpthread   '
DLLTOOL='false'
DOXYGEN_PAPER_SIZE=''
DSYMUTIL=''
DUMPBIN=''
DX_COND_chi_FALSE=''
DX_COND_chi_TRUE='#'
DX_COND_chm_FALSE=''
DX_COND_chm_TRUE='#'
DX_COND_doc_FALSE='#'
DX_COND_doc_TRUE=''
DX_COND_dot_FALSE=''
DX_COND_dot_TRUE='#'
DX_COND_html_FALSE='#'
DX_COND_html_TRUE=''
DX_COND_latex_FALSE=''
DX_COND_latex_TRUE='#'
DX_COND_man_FALSE=''
DX_COND_man_TRUE='#'
DX_COND_pdf_FALSE=''
DX_COND_pdf_TRUE='#'
DX_COND_ps_FALSE=''
DX_COND_ps_TRUE='#'
DX_COND_rtf_FALSE=''
DX_COND_rtf_TRUE='#'
DX_COND_xml_FALSE=''
DX_COND_xml_TRUE='#'
DX_CONFIG='doc/resources/doxygen.cfg'
DX_DOCDIR='doc'
DX_DOT=''
DX_DOXYGEN='/usr/bin/doxygen'
DX_DVIPS=''
DX_EGREP=''
DX_ENV=' SRCDIR='\''.'\'' PROJECT='\''ilixi'\'' DOCDIR='\''doc'\'' VERSION='\''1.0.0'\'' PERL_PATH='\''/usr/bin/perl'\'' HAVE_DOT='\''NO'\'' GENERATE_MAN='\''NO'\'' GENERATE_RTF='\''NO'\'' GENERATE_XML='\''NO'\'' GENERATE_HTMLHELP='\''NO'\'' GENERATE_CHI='\''NO'\'' GENERATE_HTML='\''YES'\'' GENERATE_LATEX='\''NO'\'''
DX_FLAG_chi='0'
DX_FLAG_chm='0'
DX_FLAG_doc='1'
DX_FLAG_dot='0'
DX_FLAG_html='1'
DX_FLAG_man='0'
DX_FLAG_pdf='0'
DX_FLAG_ps='0'
DX_FLAG_rtf='0'
DX_FLAG_xml='0'
DX_HHC=''
DX_LATEX=''
DX_MAKEINDEX=''
DX_PDFLATEX=''
DX_PERL='/usr/bin/perl'
DX_PROJECT='ilixi'
ECHO_C=''
ECHO_N='-n'
ECHO_T=''
EGREP='/usr/bin/grep -E'
EXEEXT=''
FGREP='/usr/bin/grep -F'
FusionDale_CFLAGS='-D_REENTRANT -I/friendlyarm/usr/local/include/fusiondale -I/friendlyarm/usr/local/include/directfb '
FusionDale_LIBS='-L/friendlyarm/usr/local/lib -lfusiondale -lfusion -ldirect -lpthread '
FusionSound_CFLAGS='-D_REENTRANT -I/friendlyarm/usr/local/include/fusionsound -I/friendlyarm/usr/local/include/directfb '
FusionSound_LIBS='-L/friendlyarm/usr/local/lib -lfusionsound -lfusion -ldirect -lpthread '
GETTEXT_MACRO_VERSION='0.18'
GMSGFMT='/usr/bin/msgfmt'
GMSGFMT_015='/usr/bin/msgfmt'
GREP='/usr/bin/grep'
ILIXI_BINARY_AGE='0'
ILIXI_DATADIR='/friendlyarm/usr/local/share/ilixi-1.0.0'
ILIXI_INTERFACE_AGE='0'
ILIXI_MAJOR_VERSION='1'
ILIXI_MICRO_VERSION='0'
ILIXI_MINOR_VERSION='0'
ILIXI_VERSION='1.0.0'
INSTALL_DATA='${INSTALL} -m 644'
INSTALL_PROGRAM='${INSTALL}'
INSTALL_SCRIPT='${INSTALL}'
INSTALL_STRIP_PROGRAM='$(install_sh) -c -s'
INTLLIBS=''
INTL_MACOSX_LIBS=''
LD='/opt/FriendlyARM/toolschain/4.4.3/bin/arm-none-linux-gnueabi-ld'
LDFLAGS='-L/friendlyarm/lib -L/friendlyarm/usr/lib -L/friendlyarm/usr/local/lib'
LIBICONV='-liconv'
LIBINTL=''
LIBOBJS=''
LIBS=''
LIBTOOL='$(SHELL) $(top_builddir)/libtool'
LIPO=''
LN_S='ln -s'
LTLIBICONV='-liconv'
LTLIBINTL=''
LTLIBOBJS=''
LT_AGE='0'
LT_BINARY='0'
LT_CURRENT='0'
LT_RELEASE='1.0'
LT_REVISION='0'
MAKEINFO='${SHELL} /home/ninhld/mini2440/develop/ilixi-1.0.0/config/missing --run makeinfo'
MANIFEST_TOOL=':'
MKDIR_P='/usr/bin/mkdir -p'
MSGFMT='/usr/bin/msgfmt'
MSGFMT_015='/usr/bin/msgfmt'
MSGMERGE='/usr/bin/msgmerge'
NM='/opt/FriendlyARM/toolschain/4.4.3/bin/arm-none-linux-gnueabi-nm -B'
NMEDIT=''
OBJDUMP='arm-none-linux-gnueabi-objdump'
OBJEXT='o'
OTOOL64=''
OTOOL=''
PACKAGE='ilixi'
PACKAGE_BUGREPORT='tarik@ilixi.org'
PACKAGE_NAME='ilixi'
PACKAGE_STRING='ilixi 1.0.0'
PACKAGE_TARNAME='ilixi'
PACKAGE_URL='http://www.ilixi.org'
PACKAGE_VERSION='1.0.0'
PATH_SEPARATOR=':'
PKG_CONFIG='/usr/bin/pkg-config'
PKG_CONFIG_LIBDIR=''
PKG_CONFIG_PATH='/friendlyarm/usr/local/lib/pkgconfig'
POSUB='po'
RANLIB='/opt/FriendlyARM/toolschain/4.4.3/bin/arm-none-linux-gnueabi-ranlib'
REQ_PACKAGES='directfb >= 1.6.3 sigc++-2.0 >= 2.2.4.2 libxml-2.0 >= 2.7.7 fontconfig >= 2.6.0 fusiondale >= 0.8.2 fusionsound >= 1.6.0 sawman >= 1.6.0'
SED='/usr/bin/sed'
SET_MAKE=''
SHELL='/bin/sh'
STRIP='/opt/FriendlyARM/toolschain/4.4.3/bin/arm-none-linux-gnueabi-strip'
SaWMan_CFLAGS='-D_REENTRANT -I/friendlyarm/usr/local/include/sawman -I/friendlyarm/usr/local/include/directfb '
SaWMan_LIBS='-L/friendlyarm/usr/local/lib -lsawman -ldirectfb -lpthread -lfusion -ldirect -lpthread '
USE_NLS='yes'
VERSION='1.0.0'
WITH_BARESIP_FALSE=''
WITH_BARESIP_TRUE='#'
WITH_EXAMPLES_FALSE='#'
WITH_EXAMPLES_TRUE=''
WITH_FUSIONDALE_FALSE='#'
WITH_FUSIONDALE_TRUE=''
WITH_FUSIONSOUND_FALSE='#'
WITH_FUSIONSOUND_TRUE=''
WITH_NLS_FALSE='#'
WITH_NLS_TRUE=''
WITH_REFLEX_FALSE=''
WITH_REFLEX_TRUE='#'
WITH_SAWMAN_FALSE='#'
WITH_SAWMAN_TRUE=''
WITH_SURFACE_EVENTS_FALSE='#'
WITH_SURFACE_EVENTS_TRUE=''
WITH_WNN_FALSE=''
WITH_WNN_TRUE='#'
XGETTEXT='/usr/bin/xgettext'
XGETTEXT_015='/usr/bin/xgettext'
XGETTEXT_EXTRA_OPTIONS=''
ac_ct_AR=''
ac_ct_CC=''
ac_ct_CXX=''
ac_ct_DUMPBIN=''
am__EXEEXT_FALSE=''
am__EXEEXT_TRUE='#'
am__fastdepCC_FALSE='#'
am__fastdepCC_TRUE=''
am__fastdepCXX_FALSE='#'
am__fastdepCXX_TRUE=''
am__include='include'
am__isrc=''
am__leading_dot='.'
am__nodep='_no'
am__quote=''
am__tar='$${TAR-tar} chof - "$$tardir"'
am__untar='$${TAR-tar} xf -'
bindir='${exec_prefix}/bin'
build='x86_64-pc-none'
build_alias='x86_64'
build_cpu='x86_64'
build_os='none'
build_vendor='pc'
datadir='${datarootdir}'
datarootdir='${prefix}/share'
docdir='${datarootdir}/doc/${PACKAGE_TARNAME}'
dvidir='${docdir}'
exec_prefix='${prefix}'
host='arm-none-linux-gnueabi'
host_alias='arm-none-linux-gnueabi'
host_cpu='arm'
host_os='linux-gnueabi'
host_vendor='none'
htmldir='${docdir}'
includedir='${prefix}/include'
infodir='${datarootdir}/info'
install_sh='${SHELL} /home/ninhld/mini2440/develop/ilixi-1.0.0/config/install-sh'
libdir='${exec_prefix}/lib'
libexecdir='${exec_prefix}/libexec'
localedir='${datarootdir}/locale'
localstatedir='${prefix}/var'
mandir='${datarootdir}/man'
mkdir_p='/usr/bin/mkdir -p'
oldincludedir='/usr/include'
pdfdir='${docdir}'
prefix='/friendlyarm/usr/local'
program_transform_name='s,x,x,'
psdir='${docdir}'
sbindir='${exec_prefix}/sbin'
sharedstatedir='${prefix}/com'
sysconfdir='${prefix}/etc'
target_alias=''

## ----------- ##
## confdefs.h. ##
## ----------- ##

/* confdefs.h */
#define PACKAGE_NAME "ilixi"
#define PACKAGE_TARNAME "ilixi"
#define PACKAGE_VERSION "1.0.0"
#define PACKAGE_STRING "ilixi 1.0.0"
#define PACKAGE_BUGREPORT "tarik@ilixi.org"
#define PACKAGE_URL "http://www.ilixi.org"
#define STDC_HEADERS 1
#define HAVE_SYS_TYPES_H 1
#define HAVE_SYS_STAT_H 1
#define HAVE_STDLIB_H 1
#define HAVE_STRING_H 1
#define HAVE_MEMORY_H 1
#define HAVE_STRINGS_H 1
#define HAVE_INTTYPES_H 1
#define HAVE_STDINT_H 1
#define HAVE_UNISTD_H 1
#define HAVE_DLFCN_H 1
#define LT_OBJDIR ".libs/"
#define HAVE_STDLIB_H 1
#define HAVE_STDARG_H 1
#define HAVE_STDIO_H 1
#define HAVE_TIME_H 1
#define HAVE_UNISTD_H 1
#define HAVE_SPAWN_H 1
#define HAVE__BOOL 1
#define HAVE_STDBOOL_H 1
#define HAVE_FUSIONDALE 1
#define HAVE_FUSIONSOUND 1
#define HAVE_SAWMAN 1
#define ENABLE_NLS 1
#define HAVE_GETTEXT 1
#define HAVE_DCGETTEXT 1
#define HAVE_NLS 1
#define BINDIR "/friendlyarm/usr/local/bin/"
#define DATADIR "/friendlyarm/usr/local/share/ilixi-1.0.0/"
#define IMAGEDIR "/friendlyarm/usr/local/share/ilixi-1.0.0/images/"

configure: exit 0
